4804 DEBUG [2013-12-17 21:30:19]  Request:
4805 DEBUG [2013-12-17 21:30:19]  POSThttps://api.weibo.com/oauth2/access_token
5331 DEBUG [2013-12-17 21:30:19]  Response:
5332 DEBUG [2013-12-17 21:30:19]  https StatusCode:200
5332 DEBUG [2013-12-17 21:30:19]  Server:nginx/1.2.0
5332 DEBUG [2013-12-17 21:30:19]  Date:Tue, 17 Dec 2013 13:30:17 GMT
5332 DEBUG [2013-12-17 21:30:19]  Content-Type:text/plain;charset=UTF-8
5332 DEBUG [2013-12-17 21:30:19]  Content-Length:117
5332 DEBUG [2013-12-17 21:30:19]  Connection:keep-alive
5332 DEBUG [2013-12-17 21:30:19]  Pragma:No-cache
5332 DEBUG [2013-12-17 21:30:19]  Cache-Control:no-cache
5332 DEBUG [2013-12-17 21:30:19]  Expires:Thu, 01 Jan 1970 00:00:00 GMT
5332 DEBUG [2013-12-17 21:30:19]  Api-Server-IP:10.73.89.46
5333 DEBUG [2013-12-17 21:30:19]  {"access_token":"2.00RAQc4CY8c1gD23bc2310085O2MAC","remind_in":"157679999","expires_in":157679999,"uid":"2181239377"}

5333 DEBUG [2013-12-17 21:30:19]  Request:
5333 DEBUG [2013-12-17 21:30:19]  POSThttps://api.weibo.com/2/statuses/update.json
5333 DEBUG [2013-12-17 21:30:19]  Authorization: OAuth2 2.00RAQc4CY8c1gD23bc2310085O2MAC
5334 DEBUG [2013-12-17 21:30:19]  API-RemoteIP: 192.168.21.1
5667 DEBUG [2013-12-17 21:30:20]  Response:
5668 DEBUG [2013-12-17 21:30:20]  https StatusCode:200
5668 DEBUG [2013-12-17 21:30:20]  Server:nginx/1.2.0
5668 DEBUG [2013-12-17 21:30:20]  Date:Tue, 17 Dec 2013 13:30:18 GMT
5668 DEBUG [2013-12-17 21:30:20]  Content-Type:application/json;charset=UTF-8
5668 DEBUG [2013-12-17 21:30:20]  Transfer-Encoding:chunked
5669 DEBUG [2013-12-17 21:30:20]  Connection:keep-alive
5669 DEBUG [2013-12-17 21:30:20]  Api-Server-IP:10.77.108.43
5669 DEBUG [2013-12-17 21:30:20]  Vary:Accept-Encoding
5669 WARN  [2013-12-17 21:30:20]  Going to buffer response body of large or unknown size. Using getResponseBodyAsStream instead is recommended.
5670 DEBUG [2013-12-17 21:30:20]  {"created_at":"Tue Dec 17 21:30:16 +0800 2013","id":3656609139785011,"mid":"3656609139785011","idstr":"3656609139785011","text":"testtttttttteeee","source":"<a href=\"http://open.weibo.com\" rel=\"nofollow\">未通过审核应用</a>","favorited":false,"truncated":false,"in_reply_to_status_id":"","in_reply_to_user_id":"","in_reply_to_screen_name":"","pic_urls":[],"geo":null,"user":{"id":2181239377,"idstr":"2181239377","class":1,"screen_name":"孟zs","name":"孟zs","province":"32","city":"1","location":"江苏 南京","description":"","url":"","profile_image_url":"http://tp2.sinaimg.cn/2181239377/50/22844400288/1","profile_url":"u/2181239377","domain":"","weihao":"","gender":"m","followers_count":77,"friends_count":139,"statuses_count":171,"favourites_count":5,"created_at":"Thu Jun 16 03:43:13 +0800 2011","following":false,"allow_all_act_msg":false,"geo_enabled":true,"verified":false,"verified_type":-1,"remark":"","ptype":0,"allow_all_comment":true,"avatar_large":"http://tp2.sinaimg.cn/2181239377/180/22844400288/1","avatar_hd":"http://tp2.sinaimg.cn/2181239377/180/22844400288/1","verified_reason":"","follow_me":false,"online_status":0,"bi_followers_count":44,"lang":"zh-cn","star":0,"mbtype":0,"mbrank":0,"block_word":0},"reposts_count":0,"comments_count":0,"attitudes_count":0,"mlevel":0,"visible":{"type":0,"list_id":0}}

